"pkg-config --exists sqlite3"
package configuration for sqlite3 is not found
find_header: checking for sqlite3.h... -------------------- no

"gcc -o conftest -I/home/vagrant/.rbenv/versions/2.5.3/include/ruby-2.5.0/x86_64-linux -I/home/vagrant/.rbenv/versions/2.5.3/include/ruby-2.5.0/ruby/backward -I/home/vagrant/.rbenv/versions/2.5.3/include/ruby-2.5.0 -I. -I/home/vagrant/.rbenv/versions/2.5.3/include    -O3 -ggdb3 -Wall -Wextra -Wno-unused-parameter -Wno-parentheses -Wno-long-long -Wno-missing-field-initializers -Wno-tautological-compare -Wno-parentheses-equality -Wno-constant-logical-operand -Wno-self-assign -Wunused-variable -Wimplicit-int -Wpointer-arith -Wwrite-strings -Wdeclaration-after-statement -Wimplicit-function-declaration -Wdeprecated-declarations -Wno-packed-bitfield-compat -Wsuggest-attribute=noreturn -Wsuggest-attribute=format conftest.c  -L. -L/home/vagrant/.rbenv/versions/2.5.3/lib -Wl,-rpath,/home/vagrant/.rbenv/versions/2.5.3/lib -L. -L/home/vagrant/.rbenv/versions/2.5.3/lib  -fstack-protector -rdynamic -Wl,-export-dynamic     -Wl,-rpath,/home/vagrant/.rbenv/versions/2.5.3/lib -L/home/vagrant/.rbenv/versions/2.5.3/lib -lruby-static  -lpthread -ldl -lcrypt -lm   -lc"
checked program was:
/* begin */
1: #include "ruby.h"
2: 
3: int main(int argc, char **argv)
4: {
5:   return 0;
6: }
/* end */

"gcc -E -I/home/vagrant/.rbenv/versions/2.5.3/include/ruby-2.5.0/x86_64-linux -I/home/vagrant/.rbenv/versions/2.5.3/include/ruby-2.5.0/ruby/backward -I/home/vagrant/.rbenv/versions/2.5.3/include/ruby-2.5.0 -I. -I/home/vagrant/.rbenv/versions/2.5.3/include    -O3 -ggdb3 -Wall -Wextra -Wno-unused-parameter -Wno-parentheses -Wno-long-long -Wno-missing-field-initializers -Wno-tautological-compare -Wno-parentheses-equality -Wno-constant-logical-operand -Wno-self-assign -Wunused-variable -Wimplicit-int -Wpointer-arith -Wwrite-strings -Wdeclaration-after-statement -Wimplicit-function-declaration -Wdeprecated-declarations -Wno-packed-bitfield-compat -Wsuggest-attribute=noreturn -Wsuggest-attribute=format  conftest.c -o conftest.i"
conftest.c:3:21: fatal error: sqlite3.h: No such file or directory
 #include <sqlite3.h>
                     ^
compilation terminated.
checked program was:
/* begin */
1: #include "ruby.h"
2: 
3: #include <sqlite3.h>
/* end */

--------------------

